
@----------------------------------------------------------@
|        PLINK!       |     v1.07      |   10/Aug/2009     |
|----------------------------------------------------------|
|  (C) 2009 Shaun Purcell, GNU General Public License, v2  |
|----------------------------------------------------------|
|  For documentation, citation & bug-report instructions:  |
|        http://pngu.mgh.harvard.edu/purcell/plink/        |
@----------------------------------------------------------@

Web-based version check ( --noweb to skip )
Recent cached web-check found...Problem connecting to web

Writing this text to log file [ filter1_prune1.log ]
Analysis started: Fri Mar  1 14:02:34 2019

Options in effect:
	--file ./Filtered/filter1_plink
	--no-fid
	--no-sex
	--no-parents
	--no-pheno
	--indep-pairwise 50 10 0.5
	--out filter1_prune1

1625 (of 1625) markers to be included from [ ./Filtered/filter1_plink.map ]

ERROR: Locus gi|310776026|gb|DP001215.2|:202664 has >2 alleles:
       individual 105_S46 105_S46 has genotype [ TRUE T ]
       but we've already seen [ TRUE ] and [ G ]

